<?xml version="1.0" encoding="UTF-8"?>
<testsuite xmlns:xsi="http://www.w3.org/2001/XMLSchema-instance" xsi:noNamespaceSchemaLocation="https://maven.apache.org/surefire/maven-surefire-plugin/xsd/surefire-test-report-3.0.xsd" version="3.0" name="com.infrastructure.persistence.SpringDataUserRepositoryTest" time="2.093" tests="2" errors="0" skipped="0" failures="0">
  <properties>
[...]
</properties>
  <testcase name="should_save_and_retrieve_user_entity" classname="com.infrastructure.persistence.SpringDataUserRepositoryTest" time="0.123">
    <system-out><![CDATA[2026-02-27T10:54:06.038+01:00  INFO 2552 --- [           main] t.c.s.AnnotationConfigContextLoaderUtils : Could not detect default configuration classes for test class [com.infrastructure.persistence.SpringDataUserRepositoryTest]: SpringDataUserRepositoryTest does not declare any static, non-private, non-final, nested classes annotated with @Configuration.
2026-02-27T10:54:06.071+01:00  INFO 2552 --- [           main] .b.t.c.SpringBootTestContextBootstrapper : Found @SpringBootConfiguration com.App for test class com.infrastructure.persistence.SpringDataUserRepositoryTest

  .   ____          _            __ _ _
 /\\ / ___'_ __ _ _(_)_ __  __ _ \ \ \ \
( ( )\___ | '_ | '_| | '_ \/ _` | \ \ \ \
 \\/  ___)| |_)| | | | | || (_| |  ) ) ) )
  '  |____| .__|_| |_|_| |_\__, | / / / /
 =========|_|==============|___/=/_/_/_/
 :: Spring Boot ::                (v3.2.2)

2026-02-27T10:54:06.111+01:00  INFO 2552 --- [           main] c.i.p.SpringDataUserRepositoryTest       : Starting SpringDataUserRepositoryTest using Java 21.0.8 with PID 2552 (started by abelqasm in C:\Users\abelqasm\Desktop\Clean-Archi\my-java-app)
2026-02-27T10:54:06.111+01:00  INFO 2552 --- [           main] c.i.p.SpringDataUserRepositoryTest       : No active profile set, falling back to 1 default profile: "default"
2026-02-27T10:54:06.448+01:00  INFO 2552 --- [           main] .s.d.r.c.RepositoryConfigurationDelegate : Multiple Spring Data modules found, entering strict repository configuration mode
2026-02-27T10:54:06.450+01:00  INFO 2552 --- [           main] .s.d.r.c.RepositoryConfigurationDelegate : Bootstrapping Spring Data JPA repositories in DEFAULT mode.
2026-02-27T10:54:06.546+01:00  INFO 2552 --- [           main] .s.d.r.c.RepositoryConfigurationDelegate : Finished Spring Data repository scanning in 88 ms. Found 1 JPA repository interface.
2026-02-27T10:54:06.586+01:00  INFO 2552 --- [           main] beddedDataSourceBeanFactoryPostProcessor : Replacing 'dataSource' DataSource bean with embedded version
2026-02-27T10:54:06.641+01:00  INFO 2552 --- [           main] o.s.j.d.e.EmbeddedDatabaseFactory        : Starting embedded database: url='jdbc:h2:mem:b00a0027-56e2-4e4c-8adf-d80e4e79b162;DB_CLOSE_DELAY=-1;DB_CLOSE_ON_EXIT=false', username='sa'
2026-02-27T10:54:06.968+01:00  INFO 2552 --- [           main] o.hibernate.jpa.internal.util.LogHelper  : HHH000204: Processing PersistenceUnitInfo [name: default]
2026-02-27T10:54:07.026+01:00  INFO 2552 --- [           main] org.hibernate.Version                    : HHH000412: Hibernate ORM core version 6.4.1.Final
2026-02-27T10:54:07.059+01:00  INFO 2552 --- [           main] o.h.c.internal.RegionFactoryInitiator    : HHH000026: Second-level cache disabled
2026-02-27T10:54:07.133+01:00  INFO 2552 --- [           main] o.s.o.j.p.SpringPersistenceUnitInfo      : No LoadTimeWeaver setup: ignoring JPA class transformer
2026-02-27T10:54:07.168+01:00  WARN 2552 --- [           main] org.hibernate.dialect.Dialect            : HHH000511: The 2.2.0 version for [org.hibernate.dialect.PostgreSQLDialect] is no longer supported, hence certain features may not work properly. The minimum supported version is 12.0.0. Check the community dialects project for available legacy versions.
2026-02-27T10:54:07.173+01:00  WARN 2552 --- [           main] org.hibernate.orm.deprecation            : HHH90000025: PostgreSQLDialect does not need to be specified explicitly using 'hibernate.dialect' (remove the property setting and it will be selected by default)
2026-02-27T10:54:07.677+01:00  INFO 2552 --- [           main] o.h.e.t.j.p.i.JtaPlatformInitiator       : HHH000489: No JTA platform available (set 'hibernate.transaction.jta.platform' to enable JTA platform integration)
Hibernate: create table users (id varchar(255) not null, label varchar(255), primary key (id))
2026-02-27T10:54:07.720+01:00  INFO 2552 --- [           main] j.LocalContainerEntityManagerFactoryBean : Initialized JPA EntityManagerFactory for persistence unit 'default'
2026-02-27T10:54:07.990+01:00  INFO 2552 --- [           main] c.i.p.SpringDataUserRepositoryTest       : Started SpringDataUserRepositoryTest in 1.915 seconds (process running for 5.44)
Hibernate: select jue1_0.id,jue1_0.label from users jue1_0 where jue1_0.id=?
]]></system-out>
  </testcase>
  <testcase name="should_not_find_non_existing_user" classname="com.infrastructure.persistence.SpringDataUserRepositoryTest" time="0.006">
    <system-out><![CDATA[Hibernate: select jue1_0.id,jue1_0.label from users jue1_0 where jue1_0.id=?
]]></system-out>
  </testcase>
</testsuite>